[HiOS Content Engine] RSS Collector — 10 feeds
  Fetching Reddit: AI...
    → 17 new / 20 total
  Fetching Reddit: Investing...
  [!] Reddit: Investing failed: HTTP Error 429: Too Many Requests
    → 0 new / 0 total
  Fetching Reddit: AlgoTrading...
  [!] Reddit: AlgoTrading failed: HTTP Error 429: Too Many Requests
    → 0 new / 0 total
  Fetching Hacker News...
  [!] Hacker News failed: The read operation timed out
    → 0 new / 0 total
  Fetching TechCrunch AI...
    → 7 new / 20 total
  Fetching MIT Tech Review...
    → 2 new / 10 total
  Fetching The Verge AI...
    → 2 new / 10 total
  Fetching Bloomberg Markets...
    → 30 new / 30 total
  Fetching Yahoo Finance...
    → 33 new / 42 total
  Fetching Investopedia...
  [!] Investopedia failed: HTTP Error 403: Forbidden
    → 0 new / 0 total

[OK] Digest: /Users/harimgemmajung/Documents/Visual Climate Hermes/01-Projects/Visual-Climate/06-Content-Engine/sources/2026-07-14-rss-digest.md
[OK] 91 new items collected
[system] finished status=success rc=0
