[HiOS Content Engine] RSS Collector — 10 feeds
  Fetching Reddit: AI...
    → 20 new / 20 total
  Fetching Reddit: Investing...
  [!] Reddit: Investing failed: HTTP Error 429: Too Many Requests
    → 0 new / 0 total
  Fetching Reddit: AlgoTrading...
  [!] Reddit: AlgoTrading failed: HTTP Error 429: Too Many Requests
    → 0 new / 0 total
  Fetching Hacker News...
  [!] Hacker News failed: HTTP Error 502: Bad Gateway
    → 0 new / 0 total
  Fetching TechCrunch AI...
    → 14 new / 20 total
  Fetching MIT Tech Review...
    → 3 new / 10 total
  Fetching The Verge AI...
    → 7 new / 10 total
  Fetching Bloomberg Markets...
    → 30 new / 30 total
  Fetching Yahoo Finance...
    → 45 new / 47 total
  Fetching Investopedia...
  [!] Investopedia failed: HTTP Error 403: Forbidden
    → 0 new / 0 total

[OK] Digest: /Users/harimgemmajung/Documents/Visual Climate Hermes/01-Projects/Visual-Climate/06-Content-Engine/sources/2026-07-10-rss-digest.md
[OK] 119 new items collected
[system] finished status=success rc=0
