[HiOS Content Engine] RSS Collector — 10 feeds
  Fetching Reddit: AI...
    → 20 new / 20 total
  Fetching Reddit: Investing...
  [!] Reddit: Investing failed: HTTP Error 429: Too Many Requests
    → 0 new / 0 total
  Fetching Reddit: AlgoTrading...
  [!] Reddit: AlgoTrading failed: HTTP Error 429: Too Many Requests
    → 0 new / 0 total
  Fetching Hacker News...
    → 0 new / 0 total
  Fetching TechCrunch AI...
    → 17 new / 20 total
  Fetching MIT Tech Review...
    → 1 new / 10 total
  Fetching The Verge AI...
    → 7 new / 10 total
  Fetching Bloomberg Markets...
  [!] Bloomberg Markets failed: HTTP Error 404: Not Found
    → 0 new / 0 total
  Fetching Yahoo Finance...
    → 27 new / 42 total
  Fetching Investopedia...
  [!] Investopedia failed: HTTP Error 403: Forbidden
    → 0 new / 0 total

[OK] Digest: /Users/harimgemmajung/Documents/Visual Climate Hermes/01-Projects/Visual-Climate/06-Content-Engine/sources/2026-07-15-rss-digest.md
[OK] 72 new items collected
[system] finished status=success rc=0
